This file contains any messages produced by compilers while
running configure, to aid debugging if configure makes a mistake.

It was created by configure, which was
generated by GNU Autoconf 2.72.  Invocation command line was

  $ ./configure

## --------- ##
## Platform. ##
## --------- ##

hostname = wanderer
uname -m = x86_64
uname -r = 6.13.0-0.rc2.20241211gitf92f4749861b.24.fc42.x86_64
uname -s = Linux
uname -v = #1 SMP PREEMPT_DYNAMIC Wed Dec 11 23:25:44 UTC 2024

/usr/bin/uname -p = unknown
/bin/uname -X     = unknown

/bin/arch              = x86_64
/usr/bin/arch -k       = unknown
/usr/convex/getsysinfo = unknown
/usr/bin/hostinfo      = unknown
/bin/machine           = unknown
/usr/bin/oslevel       = unknown
/bin/universe          = unknown

PATH: /home/djshaji/.local/bin/
PATH: /home/djshaji/bin/
PATH: /usr/local/bin/
PATH: /usr/bin/
PATH: /usr/local/sbin/
PATH: /usr/sbin/
PATH: /home/djshaji/.composer/vendor/bin/
PATH: /home/djshaji/.dotnet/tools/
PATH: /home/djshaji/Downloads/android-ndk-r26c-linux/android-ndk-r26c/
PATH: /home/djshaji/Android/Sdk/platform-tools/
PATH: /home/djshaji/Downloads/android-ndk-r26c-linux/android-ndk-r26c/
PATH: /home/djshaji/Android/Sdk/platform-tools/


## ----------- ##
## Core tests. ##
## ----------- ##

configure:2499: looking for aux files: config.guess config.sub compile missing install-sh
configure:2512:  trying ./
configure:2541:   ./config.guess found
configure:2541:   ./config.sub found
configure:2541:   ./compile found
configure:2541:   ./missing found
configure:2523:   ./install-sh found
configure:2680: checking for a BSD-compatible install
configure:2754: result: /usr/bin/install -c
configure:2765: checking whether sleep supports fractional seconds
configure:2781: result: yes
configure:2784: checking filesystem timestamp resolution
configure:2919: result: 0.01
configure:2924: checking whether build environment is sane
configure:2965: result: yes
configure:3010: WARNING: 'missing' script is too old or missing
configure:3136: checking for a race-free mkdir -p
configure:3179: result: /usr/bin/mkdir -p
configure:3186: checking for gawk
configure:3207: found /usr/bin/gawk
configure:3219: result: gawk
configure:3230: checking whether make sets $(MAKE)
configure:3254: result: yes
configure:3280: checking whether make supports nested variables
configure:3299: result: yes
configure:3313: checking xargs -n works
configure:3329: result: yes
configure:3434: checking for gawk
configure:3467: result: gawk
configure:3478: checking whether ln -s works
configure:3482: result: yes
configure:3552: checking for gcc
configure:3573: found /usr/bin/gcc
configure:3585: result: gcc
configure:3944: checking for C compiler version
configure:3953: gcc --version >&5
gcc (GCC) 14.2.1 20241104 (Red Hat 14.2.1-6)
Copyright (C) 2024 Free Software Foundation, Inc.
This is free software; see the source for copying conditions.  There is NO
warranty; not even for MERCHANTABILITY or FITNESS FOR A PARTICULAR PURPOSE.

configure:3964: $? = 0
configure:3953: gcc -v >&5
Using built-in specs.
COLLECT_GCC=gcc
COLLECT_LTO_WRAPPER=/usr/libexec/gcc/x86_64-redhat-linux/14/lto-wrapper
OFFLOAD_TARGET_NAMES=nvptx-none:amdgcn-amdhsa
OFFLOAD_TARGET_DEFAULT=1
Target: x86_64-redhat-linux
Configured with: ../configure --enable-bootstrap --enable-languages=c,c++,fortran,objc,obj-c++,ada,go,d,m2,lto --prefix=/usr --mandir=/usr/share/man --infodir=/usr/share/info --with-bugurl=http://bugzilla.redhat.com/bugzilla --enable-shared --enable-threads=posix --enable-checking=release --enable-multilib --with-system-zlib --enable-__cxa_atexit --disable-libunwind-exceptions --enable-gnu-unique-object --enable-linker-build-id --with-gcc-major-version-only --enable-libstdcxx-backtrace --with-libstdcxx-zoneinfo=/usr/share/zoneinfo --with-linker-hash-style=gnu --enable-plugin --enable-initfini-array --with-isl=/builddir/build/BUILD/gcc-14.2.1-build/gcc-14.2.1-20241104/obj-x86_64-redhat-linux/isl-install --enable-offload-targets=nvptx-none,amdgcn-amdhsa --enable-offload-defaulted --without-cuda-driver --enable-gnu-indirect-function --enable-cet --with-tune=generic --with-arch_32=i686 --build=x86_64-redhat-linux --with-build-config=bootstrap-lto --enable-link-serialization=1
Thread model: posix
Supported LTO compression algorithms: zlib zstd
gcc version 14.2.1 20241104 (Red Hat 14.2.1-6) (GCC) 
... rest of stderr output deleted ...
configure:3964: $? = 0
configure:3953: gcc -V >&5
gcc: error: unrecognized command-line option '-V'
gcc: fatal error: no input files
compilation terminated.
configure:3964: $? = 1
configure:3953: gcc -qversion >&5
gcc: error: unrecognized command-line option '-qversion'; did you mean '--version'?
gcc: fatal error: no input files
compilation terminated.
configure:3964: $? = 1
configure:3953: gcc -version >&5
gcc: error: unrecognized command-line option '-version'
gcc: fatal error: no input files
compilation terminated.
configure:3964: $? = 1
configure:3984: checking whether the C compiler works
configure:4006: gcc    conftest.c  >&5
configure:4010: $? = 0
configure:4061: result: yes
configure:4065: checking for C compiler default output file name
configure:4067: result: a.out
configure:4073: checking for suffix of executables
configure:4080: gcc -o conftest    conftest.c  >&5
configure:4084: $? = 0
configure:4108: result: 
configure:4132: checking whether we are cross compiling
configure:4140: gcc -o conftest    conftest.c  >&5
configure:4144: $? = 0
configure:4151: ./conftest
configure:4155: $? = 0
configure:4170: result: no
configure:4176: checking for suffix of object files
configure:4199: gcc -c   conftest.c >&5
configure:4203: $? = 0
configure:4227: result: o
configure:4231: checking whether the compiler supports GNU C
configure:4251: gcc -c   conftest.c >&5
configure:4251: $? = 0
configure:4263: result: yes
configure:4274: checking whether gcc accepts -g
configure:4295: gcc -c -g  conftest.c >&5
configure:4295: $? = 0
configure:4342: result: yes
configure:4362: checking for gcc option to enable C11 features
configure:4377: gcc  -c -g -O2  conftest.c >&5
configure:4377: $? = 0
configure:4396: result: none needed
configure:4520: checking whether gcc understands -c and -o together
configure:4543: gcc -c conftest.c -o conftest2.o
configure:4546: $? = 0
configure:4543: gcc -c conftest.c -o conftest2.o
configure:4546: $? = 0
configure:4559: result: yes
configure:4579: checking whether make supports the include directive
configure:4594: make -f confmf.GNU && cat confinc.out
this is the am__doit target
configure:4597: $? = 0
configure:4616: result: yes (GNU style)
configure:4642: checking dependency style of gcc
configure:4755: result: gcc3
configure:6311: checking for glib-config
configure:6334: found /usr/bin/glib-config
configure:6348: result: /usr/bin/glib-config
configure:6357: checking for GLIB - version >= 1.2.6
configure:6457: gcc -o conftest -g -O2 -I/usr/include/glib-1.2 -I/usr/lib64/glib/include -D_REENTRANT   conftest.c -L/usr/lib64 -lgthread -lglib -lpthread  >&5
configure:6457: $? = 0
configure:6457: ./conftest
configure:6457: $? = 0
configure:6474: result: yes
configure:7137: checking for gtk-config
configure:7160: found /usr/bin/gtk-config
configure:7174: result: /usr/bin/gtk-config
configure:7183: checking for GTK - version >= 1.2.6
configure:7285: gcc -o conftest -g -O2 -I/usr/include/gtk-1.2 -I/usr/include/glib-1.2 -I/usr/lib64/glib/include   conftest.c -L/usr/lib64 -lgtk -lgdk -rdynamic -lgmodule -lglib -lXi -lXext -lX11 -lm  >&5
configure:7285: $? = 0
configure:7285: ./conftest
configure:7285: $? = 0
configure:7302: result: yes
configure:7777: checking for exp in -lm
configure:7806: gcc -o conftest -g -O2   conftest.c -lm   >&5
conftest.c:21:6: warning: conflicting types for built-in function 'exp'; expected 'double(double)' [-Wbuiltin-declaration-mismatch]
   21 | char exp (void);
      |      ^~~
conftest.c:1:1: note: 'exp' is declared in header '<math.h>'
    1 | /* confdefs.h */
configure:7806: $? = 0
configure:7818: result: yes
configure:7828: checking for main in -lpthread
configure:7848: gcc -o conftest -g -O2   conftest.c -lpthread  -lm  >&5
configure:7848: $? = 0
configure:7860: result: yes
configure:7870: checking for main in -lsndfile
configure:7890: gcc -o conftest -g -O2   conftest.c -lsndfile  -lpthread -lm  >&5
configure:7890: $? = 0
configure:7902: result: yes
configure:7937: checking for main in -lfftw3f
configure:7957: gcc -o conftest -g -O2   conftest.c -lfftw3f  -lpthread -lm  >&5
configure:7957: $? = 0
configure:7969: result: yes
configure:8005: checking for main in -lasound
configure:8025: gcc -o conftest -g -O2   conftest.c -lasound  -lpthread -lm  >&5
configure:8025: $? = 0
configure:8037: result: yes
configure:8074: checking for main in -ljack
configure:8094: gcc -o conftest -g -O2   conftest.c -ljack  -lpthread -lm  >&5
/usr/bin/ld: cannot find -ljack: No such file or directory
collect2: error: ld returned 1 exit status
configure:8094: $? = 1
configure: failed program was:
| /* confdefs.h */
| #define PACKAGE_NAME ""
| #define PACKAGE_TARNAME ""
| #define PACKAGE_VERSION ""
| #define PACKAGE_STRING ""
| #define PACKAGE_BUGREPORT ""
| #define PACKAGE_URL ""
| #define PACKAGE "gnuitar"
| #define VERSION "0.3.2"
| #define HAVE_LIBM 1
| #define HAVE_LIBPTHREAD 1
| /* end confdefs.h.  */
| 
| 
| int
| main (void)
| {
| return main ();
|   ;
|   return 0;
| }
configure:8106: result: no
configure:8168: checking for working volatile
configure:8188: gcc -c -g -O2  conftest.c >&5
configure:8188: $? = 0
configure:8198: result: yes
configure:8206: checking for inline
configure:8223: gcc -c -g -O2  conftest.c >&5
configure:8223: $? = 0
configure:8233: result: inline
configure:8255: checking for dirent.h that defines DIR
configure:8275: gcc -c -g -O2  conftest.c >&5
configure:8275: $? = 0
configure:8286: result: yes
configure:8300: checking for library containing opendir
configure:8336: gcc -o conftest -g -O2   conftest.c -lpthread -lm  >&5
configure:8336: $? = 0
configure:8358: result: none required
configure:8441: checking for stdio.h
configure:8441: gcc -c -g -O2  conftest.c >&5
configure:8441: $? = 0
configure:8441: result: yes
configure:8441: checking for stdlib.h
configure:8441: gcc -c -g -O2  conftest.c >&5
configure:8441: $? = 0
configure:8441: result: yes
configure:8441: checking for string.h
configure:8441: gcc -c -g -O2  conftest.c >&5
configure:8441: $? = 0
configure:8441: result: yes
configure:8441: checking for inttypes.h
configure:8441: gcc -c -g -O2  conftest.c >&5
configure:8441: $? = 0
configure:8441: result: yes
configure:8441: checking for stdint.h
configure:8441: gcc -c -g -O2  conftest.c >&5
configure:8441: $? = 0
configure:8441: result: yes
configure:8441: checking for strings.h
configure:8441: gcc -c -g -O2  conftest.c >&5
configure:8441: $? = 0
configure:8441: result: yes
configure:8441: checking for sys/stat.h
configure:8441: gcc -c -g -O2  conftest.c >&5
configure:8441: $? = 0
configure:8441: result: yes
configure:8441: checking for sys/types.h
configure:8441: gcc -c -g -O2  conftest.c >&5
configure:8441: $? = 0
configure:8441: result: yes
configure:8441: checking for unistd.h
configure:8441: gcc -c -g -O2  conftest.c >&5
configure:8441: $? = 0
configure:8441: result: yes
configure:8441: checking for sys/time.h
configure:8441: gcc -c -g -O2  conftest.c >&5
configure:8441: $? = 0
configure:8441: result: yes
configure:8441: checking for vfork.h
configure:8441: gcc -c -g -O2  conftest.c >&5
conftest.c:52:10: fatal error: vfork.h: No such file or directory
   52 | #include <vfork.h>
      |          ^~~~~~~~~
compilation terminated.
configure:8441: $? = 1
configure: failed program was:
| /* confdefs.h */
| #define PACKAGE_NAME ""
| #define PACKAGE_TARNAME ""
| #define PACKAGE_VERSION ""
| #define PACKAGE_STRING ""
| #define PACKAGE_BUGREPORT ""
| #define PACKAGE_URL ""
| #define PACKAGE "gnuitar"
| #define VERSION "0.3.2"
| #define HAVE_LIBM 1
| #define HAVE_LIBPTHREAD 1
| #define HAVE_DIRENT_H 1
| #define HAVE_STDIO_H 1
| #define HAVE_STDLIB_H 1
| #define HAVE_STRING_H 1
| #define HAVE_INTTYPES_H 1
| #define HAVE_STDINT_H 1
| #define HAVE_STRINGS_H 1
| #define HAVE_SYS_STAT_H 1
| #define HAVE_SYS_TYPES_H 1
| #define HAVE_UNISTD_H 1
| #define HAVE_SYS_TIME_H 1
| /* end confdefs.h.  */
| #include <stddef.h>
| #ifdef HAVE_STDIO_H
| # include <stdio.h>
| #endif
| #ifdef HAVE_STDLIB_H
| # include <stdlib.h>
| #endif
| #ifdef HAVE_STRING_H
| # include <string.h>
| #endif
| #ifdef HAVE_INTTYPES_H
| # include <inttypes.h>
| #endif
| #ifdef HAVE_STDINT_H
| # include <stdint.h>
| #endif
| #ifdef HAVE_STRINGS_H
| # include <strings.h>
| #endif
| #ifdef HAVE_SYS_TYPES_H
| # include <sys/types.h>
| #endif
| #ifdef HAVE_SYS_STAT_H
| # include <sys/stat.h>
| #endif
| #ifdef HAVE_UNISTD_H
| # include <unistd.h>
| #endif
| #include <vfork.h>
configure:8441: result: no
configure:8441: checking for sys/select.h
configure:8441: gcc -c -g -O2  conftest.c >&5
configure:8441: $? = 0
configure:8441: result: yes
configure:8441: checking for sys/socket.h
configure:8441: gcc -c -g -O2  conftest.c >&5
configure:8441: $? = 0
configure:8441: result: yes
configure:8466: checking for grep that handles long lines and -e
configure:8532: result: /usr/bin/grep
configure:8540: checking for egrep
configure:8610: result: /usr/bin/grep -E
configure:8628: checking whether stat file-mode macros are broken
configure:8656: gcc -c -g -O2  conftest.c >&5
configure:8656: $? = 0
configure:8666: result: no
configure:8674: checking for fcntl.h
configure:8674: gcc -c -g -O2  conftest.c >&5
configure:8674: $? = 0
configure:8674: result: yes
configure:8680: checking for sys/ioctl.h
configure:8680: gcc -c -g -O2  conftest.c >&5
configure:8680: $? = 0
configure:8680: result: yes
configure:8686: checking for sys/time.h
configure:8686: result: yes
configure:8692: checking for unistd.h
configure:8692: result: yes
configure:8698: checking for sys/stat.h
configure:8698: result: yes
configure:8704: checking for float.h
configure:8704: gcc -c -g -O2  conftest.c >&5
configure:8704: $? = 0
configure:8704: result: yes
configure:8710: checking for fftw3.h
configure:8710: gcc -c -g -O2  conftest.c >&5
configure:8710: $? = 0
configure:8710: result: yes
configure:8716: checking for locale.h
configure:8716: gcc -c -g -O2  conftest.c >&5
configure:8716: $? = 0
configure:8716: result: yes
configure:8724: checking for an ANSI C-conforming const
configure:8791: gcc -c -g -O2  conftest.c >&5
configure:8791: $? = 0
configure:8801: result: yes
configure:8810: checking for pid_t
configure:8810: gcc -c -g -O2  conftest.c >&5
configure:8810: $? = 0
configure:8810: gcc -c -g -O2  conftest.c >&5
conftest.c: In function 'main':
conftest.c:68:20: error: expected expression before ')' token
   68 | if (sizeof ((pid_t)))
      |                    ^
configure:8810: $? = 1
configure: failed program was:
| /* confdefs.h */
| #define PACKAGE_NAME ""
| #define PACKAGE_TARNAME ""
| #define PACKAGE_VERSION ""
| #define PACKAGE_STRING ""
| #define PACKAGE_BUGREPORT ""
| #define PACKAGE_URL ""
| #define PACKAGE "gnuitar"
| #define VERSION "0.3.2"
| #define HAVE_LIBM 1
| #define HAVE_LIBPTHREAD 1
| #define HAVE_DIRENT_H 1
| #define HAVE_STDIO_H 1
| #define HAVE_STDLIB_H 1
| #define HAVE_STRING_H 1
| #define HAVE_INTTYPES_H 1
| #define HAVE_STDINT_H 1
| #define HAVE_STRINGS_H 1
| #define HAVE_SYS_STAT_H 1
| #define HAVE_SYS_TYPES_H 1
| #define HAVE_UNISTD_H 1
| #define HAVE_SYS_TIME_H 1
| #define HAVE_SYS_SELECT_H 1
| #define HAVE_SYS_SOCKET_H 1
| #define STDC_HEADERS 1
| #define TIME_WITH_SYS_TIME 1
| #define HAVE_FCNTL_H 1
| #define HAVE_SYS_IOCTL_H 1
| #define HAVE_SYS_TIME_H 1
| #define HAVE_UNISTD_H 1
| #define HAVE_SYS_STAT_H 1
| #define HAVE_FLOAT_H 1
| #define HAVE_FFTW3_H 1
| #define HAVE_LOCALE_H 1
| /* end confdefs.h.  */
| #include <stddef.h>
| #ifdef HAVE_STDIO_H
| # include <stdio.h>
| #endif
| #ifdef HAVE_STDLIB_H
| # include <stdlib.h>
| #endif
| #ifdef HAVE_STRING_H
| # include <string.h>
| #endif
| #ifdef HAVE_INTTYPES_H
| # include <inttypes.h>
| #endif
| #ifdef HAVE_STDINT_H
| # include <stdint.h>
| #endif
| #ifdef HAVE_STRINGS_H
| # include <strings.h>
| #endif
| #ifdef HAVE_SYS_TYPES_H
| # include <sys/types.h>
| #endif
| #ifdef HAVE_SYS_STAT_H
| # include <sys/stat.h>
| #endif
| #ifdef HAVE_UNISTD_H
| # include <unistd.h>
| #endif
| 
| int
| main (void)
| {
| if (sizeof ((pid_t)))
| 	    return 0;
|   ;
|   return 0;
| }
configure:8810: result: yes
configure:8850: checking for getcwd
configure:8850: gcc -o conftest -g -O2   conftest.c -lpthread -lm  >&5
configure:8850: $? = 0
configure:8850: result: yes
configure:8856: checking for isascii
configure:8856: gcc -o conftest -g -O2   conftest.c -lpthread -lm  >&5
conftest.c:53:6: warning: conflicting types for built-in function 'isascii'; expected 'int(int)' [-Wbuiltin-declaration-mismatch]
   53 | char isascii (void);
      |      ^~~~~~~
configure:8856: $? = 0
configure:8856: result: yes
configure:8862: checking for memset
configure:8862: gcc -o conftest -g -O2   conftest.c -lpthread -lm  >&5
conftest.c:54:6: warning: conflicting types for built-in function 'memset'; expected 'void *(void *, int,  long unsigned int)' [-Wbuiltin-declaration-mismatch]
   54 | char memset (void);
      |      ^~~~~~
conftest.c:46:1: note: 'memset' is declared in header '<string.h>'
   45 | #include <limits.h>
   46 | #undef memset
configure:8862: $? = 0
configure:8862: result: yes
configure:8868: checking for pow
configure:8868: gcc -o conftest -g -O2   conftest.c -lpthread -lm  >&5
conftest.c:55:6: warning: conflicting types for built-in function 'pow'; expected 'double(double,  double)' [-Wbuiltin-declaration-mismatch]
   55 | char pow (void);
      |      ^~~
conftest.c:47:1: note: 'pow' is declared in header '<math.h>'
   46 | #include <limits.h>
   47 | #undef pow
configure:8868: $? = 0
configure:8868: result: yes
configure:8874: checking for sqrt
configure:8874: gcc -o conftest -g -O2   conftest.c -lpthread -lm  >&5
conftest.c:56:6: warning: conflicting types for built-in function 'sqrt'; expected 'double(double)' [-Wbuiltin-declaration-mismatch]
   56 | char sqrt (void);
      |      ^~~~
conftest.c:48:1: note: 'sqrt' is declared in header '<math.h>'
   47 | #include <limits.h>
   48 | #undef sqrt
configure:8874: $? = 0
configure:8874: result: yes
configure:8880: checking for select
configure:8880: gcc -o conftest -g -O2   conftest.c -lpthread -lm  >&5
configure:8880: $? = 0
configure:8880: result: yes
configure:8886: checking for strchr
configure:8886: gcc -o conftest -g -O2   conftest.c -lpthread -lm  >&5
conftest.c:58:6: warning: conflicting types for built-in function 'strchr'; expected 'char *(const char *, int)' [-Wbuiltin-declaration-mismatch]
   58 | char strchr (void);
      |      ^~~~~~
conftest.c:50:1: note: 'strchr' is declared in header '<string.h>'
   49 | #include <limits.h>
   50 | #undef strchr
configure:8886: $? = 0
configure:8886: result: yes
configure:8892: checking for strdup
configure:8892: gcc -o conftest -g -O2   conftest.c -lpthread -lm  >&5
conftest.c:59:6: warning: conflicting types for built-in function 'strdup'; expected 'char *(const char *)' [-Wbuiltin-declaration-mismatch]
   59 | char strdup (void);
      |      ^~~~~~
configure:8892: $? = 0
configure:8892: result: yes
configure:8898: checking for strtol
configure:8898: gcc -o conftest -g -O2   conftest.c -lpthread -lm  >&5
configure:8898: $? = 0
configure:8898: result: yes
configure:8910: checking for fork
configure:8910: gcc -o conftest -g -O2   conftest.c -lpthread -lm  >&5
conftest.c:61:6: warning: conflicting types for built-in function 'fork'; expected 'int(void)' [-Wbuiltin-declaration-mismatch]
   61 | char fork (void);
      |      ^~~~
configure:8910: $? = 0
configure:8910: result: yes
configure:8910: checking for vfork
configure:8910: gcc -o conftest -g -O2   conftest.c -lpthread -lm  >&5
configure:8910: $? = 0
configure:8910: result: yes
configure:8923: checking for working fork
configure:8947: gcc -o conftest -g -O2   conftest.c -lpthread -lm  >&5
configure:8947: $? = 0
configure:8947: ./conftest
configure:8947: $? = 0
configure:8961: result: yes
configure:8982: checking for working vfork
configure:9114: result: yes
configure:9145: checking build system type
configure:9161: result: x86_64-pc-linux-gnu
configure:9181: checking host system type
configure:9196: result: x86_64-pc-linux-gnu
configure:9216: checking for GNU libc compatible malloc
configure:9248: gcc -o conftest -g -O2   conftest.c -lpthread -lm  >&5
configure:9248: $? = 0
configure:9248: ./conftest
configure:9248: $? = 0
configure:9262: result: yes
configure:9288: checking for strftime
configure:9288: gcc -o conftest -g -O2   conftest.c -lpthread -lm  >&5
conftest.c:66:6: warning: conflicting types for built-in function 'strftime'; expected 'long unsigned int(char *, long unsigned int,  const char *, const void *)' [-Wbuiltin-declaration-mismatch]
   66 | char strftime (void);
      |      ^~~~~~~~
conftest.c:58:1: note: 'strftime' is declared in header '<time.h>'
   57 | #include <limits.h>
   58 | #undef strftime
configure:9288: $? = 0
configure:9288: result: yes
configure:9352: checking types of arguments for select
configure:9382: gcc -c -g -O2  conftest.c >&5
configure:9382: $? = 0
configure:9393: result: int,fd_set *,struct timeval *
configure:9550: checking that generated files are newer than configure
configure:9556: result: done
configure:9591: creating ./config.status

## ---------------------- ##
## Running config.status. ##
## ---------------------- ##

This file was extended by config.status, which was
generated by GNU Autoconf 2.72.  Invocation command line was

  CONFIG_FILES    = 
  CONFIG_HEADERS  = 
  CONFIG_LINKS    = 
  CONFIG_COMMANDS = 
  $ ./config.status 

on wanderer

config.status:809: creating src/Makefile
config.status:809: creating Makefile
config.status:981: executing depfiles commands
config.status:1058: cd src       && sed -e '/# am--include-marker/d' Makefile         | make -f - am--depfiles
config.status:1063: $? = 0

## ---------------- ##
## Cache variables. ##
## ---------------- ##

ac_cv_build=x86_64-pc-linux-gnu
ac_cv_c_compiler_gnu=yes
ac_cv_c_const=yes
ac_cv_c_inline=inline
ac_cv_c_volatile=yes
ac_cv_env_CC_set=
ac_cv_env_CC_value=
ac_cv_env_CFLAGS_set=
ac_cv_env_CFLAGS_value=
ac_cv_env_CPPFLAGS_set=
ac_cv_env_CPPFLAGS_value=
ac_cv_env_GLIB_CFLAGS_set=
ac_cv_env_GLIB_CFLAGS_value=
ac_cv_env_GLIB_COMPILE_RESOURCES_set=
ac_cv_env_GLIB_COMPILE_RESOURCES_value=
ac_cv_env_GLIB_GENMARSHAL_set=
ac_cv_env_GLIB_GENMARSHAL_value=
ac_cv_env_GLIB_LIBS_set=
ac_cv_env_GLIB_LIBS_value=
ac_cv_env_GLIB_MKENUMS_set=
ac_cv_env_GLIB_MKENUMS_value=
ac_cv_env_GOBJECT_QUERY_set=
ac_cv_env_GOBJECT_QUERY_value=
ac_cv_env_LDFLAGS_set=
ac_cv_env_LDFLAGS_value=
ac_cv_env_LIBS_set=
ac_cv_env_LIBS_value=
ac_cv_env_PKG_CONFIG_LIBDIR_set=
ac_cv_env_PKG_CONFIG_LIBDIR_value=
ac_cv_env_PKG_CONFIG_PATH_set=
ac_cv_env_PKG_CONFIG_PATH_value=
ac_cv_env_PKG_CONFIG_set=
ac_cv_env_PKG_CONFIG_value=
ac_cv_env_build_alias_set=
ac_cv_env_build_alias_value=
ac_cv_env_host_alias_set=
ac_cv_env_host_alias_value=
ac_cv_env_target_alias_set=
ac_cv_env_target_alias_value=
ac_cv_func_fork=yes
ac_cv_func_fork_works=yes
ac_cv_func_getcwd=yes
ac_cv_func_isascii=yes
ac_cv_func_malloc_0_nonnull=yes
ac_cv_func_memset=yes
ac_cv_func_pow=yes
ac_cv_func_select=yes
ac_cv_func_select_args='int,fd_set *,struct timeval *'
ac_cv_func_sqrt=yes
ac_cv_func_strchr=yes
ac_cv_func_strdup=yes
ac_cv_func_strftime=yes
ac_cv_func_strtol=yes
ac_cv_func_vfork=yes
ac_cv_func_vfork_works=yes
ac_cv_header_dirent_dirent_h=yes
ac_cv_header_fcntl_h=yes
ac_cv_header_fftw3_h=yes
ac_cv_header_float_h=yes
ac_cv_header_inttypes_h=yes
ac_cv_header_locale_h=yes
ac_cv_header_stat_broken=no
ac_cv_header_stdint_h=yes
ac_cv_header_stdio_h=yes
ac_cv_header_stdlib_h=yes
ac_cv_header_string_h=yes
ac_cv_header_strings_h=yes
ac_cv_header_sys_ioctl_h=yes
ac_cv_header_sys_select_h=yes
ac_cv_header_sys_socket_h=yes
ac_cv_header_sys_stat_h=yes
ac_cv_header_sys_time_h=yes
ac_cv_header_sys_types_h=yes
ac_cv_header_unistd_h=yes
ac_cv_header_vfork_h=no
ac_cv_host=x86_64-pc-linux-gnu
ac_cv_lib_asound_main=yes
ac_cv_lib_fftw3f_main=yes
ac_cv_lib_jack_main=no
ac_cv_lib_m_exp=yes
ac_cv_lib_pthread_main=yes
ac_cv_lib_sndfile_main=yes
ac_cv_objext=o
ac_cv_path_EGREP='/usr/bin/grep -E'
ac_cv_path_EGREP_TRADITIONAL='/usr/bin/grep -E'
ac_cv_path_GLIB_CONFIG=/usr/bin/glib-config
ac_cv_path_GREP=/usr/bin/grep
ac_cv_path_GTK_CONFIG=/usr/bin/gtk-config
ac_cv_path_install='/usr/bin/install -c'
ac_cv_path_mkdir=/usr/bin/mkdir
ac_cv_prog_AWK=gawk
ac_cv_prog_ac_ct_CC=gcc
ac_cv_prog_cc_c11=
ac_cv_prog_cc_g=yes
ac_cv_prog_cc_stdc=
ac_cv_prog_make_make_set=yes
ac_cv_search_opendir='none required'
ac_cv_type_pid_t=yes
am_cv_CC_dependencies_compiler_type=gcc3
am_cv_filesystem_timestamp_resolution=0.01
am_cv_make_support_nested_variables=yes
am_cv_prog_cc_c_o=yes
am_cv_sleep_fractional_seconds=yes
am_cv_xargs_n_works=yes

## ----------------- ##
## Output variables. ##
## ----------------- ##

ACLOCAL='aclocal-1.17'
ALSA_LIBS='-lasound'
AMDEPBACKSLASH='\'
AMDEP_FALSE='#'
AMDEP_TRUE=''
AMTAR='$${TAR-tar}'
AM_BACKSLASH='\'
AM_DEFAULT_V='$(AM_DEFAULT_VERBOSITY)'
AM_DEFAULT_VERBOSITY='1'
AM_V='$(V)'
AUTOCONF='autoconf'
AUTOHEADER='autoheader'
AUTOMAKE='automake-1.17'
AWK='gawk'
CC='gcc'
CCDEPMODE='depmode=gcc3'
CFLAGS='-g -O2'
CONFIG_DEFS=' -DHAVE_GLIB -DHAVE_GTK -DFLOAT_DSP -UDEBUG -DHAVE_SNDFILE -DHAVE_FFTW3 -DHAVE_ALSA -UHAVE_JACK -DHAVE_OSS'
CPPFLAGS=''
CSCOPE='cscope'
CTAGS='ctags'
CYGPATH_W='echo'
DEFS='-DPACKAGE_NAME=\"\" -DPACKAGE_TARNAME=\"\" -DPACKAGE_VERSION=\"\" -DPACKAGE_STRING=\"\" -DPACKAGE_BUGREPORT=\"\" -DPACKAGE_URL=\"\" -DPACKAGE=\"gnuitar\" -DVERSION=\"0.3.2\" -DHAVE_LIBM=1 -DHAVE_LIBPTHREAD=1 -DHAVE_DIRENT_H=1 -DHAVE_STDIO_H=1 -DHAVE_STDLIB_H=1 -DHAVE_STRING_H=1 -DHAVE_INTTYPES_H=1 -DHAVE_STDINT_H=1 -DHAVE_STRINGS_H=1 -DHAVE_SYS_STAT_H=1 -DHAVE_SYS_TYPES_H=1 -DHAVE_UNISTD_H=1 -DHAVE_SYS_TIME_H=1 -DHAVE_SYS_SELECT_H=1 -DHAVE_SYS_SOCKET_H=1 -DSTDC_HEADERS=1 -DTIME_WITH_SYS_TIME=1 -DHAVE_FCNTL_H=1 -DHAVE_SYS_IOCTL_H=1 -DHAVE_SYS_TIME_H=1 -DHAVE_UNISTD_H=1 -DHAVE_SYS_STAT_H=1 -DHAVE_FLOAT_H=1 -DHAVE_FFTW3_H=1 -DHAVE_LOCALE_H=1 -DHAVE_GETCWD=1 -DHAVE_ISASCII=1 -DHAVE_MEMSET=1 -DHAVE_POW=1 -DHAVE_SQRT=1 -DHAVE_SELECT=1 -DHAVE_STRCHR=1 -DHAVE_STRDUP=1 -DHAVE_STRTOL=1 -DHAVE_FORK=1 -DHAVE_VFORK=1 -DHAVE_WORKING_VFORK=1 -DHAVE_WORKING_FORK=1 -DHAVE_MALLOC=1 -DHAVE_STRFTIME=1 -DSELECT_TYPE_ARG1=int -DSELECT_TYPE_ARG234=\(fd_set\ \*\) -DSELECT_TYPE_ARG5=\(struct\ timeval\ \*\)'
DEPDIR='.deps'
ECHO_C=''
ECHO_N='-n'
ECHO_T=''
EGREP='/usr/bin/grep -E'
ETAGS='etags'
EXEEXT=''
FFTW3_LIBS='-lfftw3f'
GLIB_CFLAGS='-I/usr/include/glib-1.2 -I/usr/lib64/glib/include -D_REENTRANT'
GLIB_COMPILE_RESOURCES=''
GLIB_CONFIG='/usr/bin/glib-config'
GLIB_GENMARSHAL=''
GLIB_LIBS='-L/usr/lib64 -lgthread -lglib -lpthread'
GLIB_MKENUMS=''
GOBJECT_QUERY=''
GREP='/usr/bin/grep'
GTK_CFLAGS='-I/usr/include/gtk-1.2 -I/usr/include/glib-1.2 -I/usr/lib64/glib/include'
GTK_CONFIG='/usr/bin/gtk-config'
GTK_LIBS='-L/usr/lib64 -lgtk -lgdk -rdynamic -lgmodule -lglib -lXi -lXext -lX11 -lm'
INSTALL_DATA='${INSTALL} -m 644'
INSTALL_PROGRAM='${INSTALL}'
INSTALL_SCRIPT='${INSTALL}'
INSTALL_STRIP_PROGRAM='$(install_sh) -c -s'
JACK_LIBS=''
LDFLAGS=''
LIBOBJS=''
LIBS='-lpthread -lm '
LN_S='ln -s'
LTLIBOBJS=''
MAKEINFO='makeinfo'
MKDIR_P='/usr/bin/mkdir -p'
OBJEXT='o'
PACKAGE='gnuitar'
PACKAGE_BUGREPORT=''
PACKAGE_NAME=''
PACKAGE_STRING=''
PACKAGE_TARNAME=''
PACKAGE_URL=''
PACKAGE_VERSION=''
PATH_SEPARATOR=':'
PKG_CONFIG=''
PKG_CONFIG_LIBDIR=''
PKG_CONFIG_PATH=''
SET_MAKE=''
SHELL='/bin/sh'
SNDFILE_LIBS='-lsndfile'
STRIP=''
VERSION='0.3.2'
ac_ct_CC='gcc'
am__EXEEXT_FALSE=''
am__EXEEXT_TRUE='#'
am__fastdepCC_FALSE='#'
am__fastdepCC_TRUE=''
am__include='include'
am__isrc=''
am__leading_dot='.'
am__nodep='_no'
am__quote=''
am__rm_f_notfound=''
am__tar='$${TAR-tar} chof - "$$tardir"'
am__untar='$${TAR-tar} xf -'
am__xargs_n='xargs -n'
bindir='${exec_prefix}/bin'
build='x86_64-pc-linux-gnu'
build_alias=''
build_cpu='x86_64'
build_os='linux-gnu'
build_vendor='pc'
datadir='${datarootdir}'
datarootdir='${prefix}/share'
docdir='${datarootdir}/doc/${PACKAGE}'
dvidir='${docdir}'
exec_prefix='${prefix}'
host='x86_64-pc-linux-gnu'
host_alias=''
host_cpu='x86_64'
host_os='linux-gnu'
host_vendor='pc'
htmldir='${docdir}'
includedir='${prefix}/include'
infodir='${datarootdir}/info'
install_sh='${SHELL} /home/djshaji/projects/gnuitar-jack/install-sh'
libdir='${exec_prefix}/lib'
libexecdir='${exec_prefix}/libexec'
localedir='${datarootdir}/locale'
localstatedir='${prefix}/var'
mandir='${datarootdir}/man'
mkdir_p='$(MKDIR_P)'
oldincludedir='/usr/include'
pdfdir='${docdir}'
prefix='/usr/local'
program_transform_name='s,x,x,'
psdir='${docdir}'
runstatedir='${localstatedir}/run'
sbindir='${exec_prefix}/sbin'
sharedstatedir='${prefix}/com'
sysconfdir='${prefix}/etc'
target_alias=''

## ----------- ##
## confdefs.h. ##
## ----------- ##

/* confdefs.h */
#define PACKAGE_NAME ""
#define PACKAGE_TARNAME ""
#define PACKAGE_VERSION ""
#define PACKAGE_STRING ""
#define PACKAGE_BUGREPORT ""
#define PACKAGE_URL ""
#define PACKAGE "gnuitar"
#define VERSION "0.3.2"
#define HAVE_LIBM 1
#define HAVE_LIBPTHREAD 1
#define HAVE_DIRENT_H 1
#define HAVE_STDIO_H 1
#define HAVE_STDLIB_H 1
#define HAVE_STRING_H 1
#define HAVE_INTTYPES_H 1
#define HAVE_STDINT_H 1
#define HAVE_STRINGS_H 1
#define HAVE_SYS_STAT_H 1
#define HAVE_SYS_TYPES_H 1
#define HAVE_UNISTD_H 1
#define HAVE_SYS_TIME_H 1
#define HAVE_SYS_SELECT_H 1
#define HAVE_SYS_SOCKET_H 1
#define STDC_HEADERS 1
#define TIME_WITH_SYS_TIME 1
#define HAVE_FCNTL_H 1
#define HAVE_SYS_IOCTL_H 1
#define HAVE_SYS_TIME_H 1
#define HAVE_UNISTD_H 1
#define HAVE_SYS_STAT_H 1
#define HAVE_FLOAT_H 1
#define HAVE_FFTW3_H 1
#define HAVE_LOCALE_H 1
#define HAVE_GETCWD 1
#define HAVE_ISASCII 1
#define HAVE_MEMSET 1
#define HAVE_POW 1
#define HAVE_SQRT 1
#define HAVE_SELECT 1
#define HAVE_STRCHR 1
#define HAVE_STRDUP 1
#define HAVE_STRTOL 1
#define HAVE_FORK 1
#define HAVE_VFORK 1
#define HAVE_WORKING_VFORK 1
#define HAVE_WORKING_FORK 1
#define HAVE_MALLOC 1
#define HAVE_STRFTIME 1
#define SELECT_TYPE_ARG1 int
#define SELECT_TYPE_ARG234 (fd_set *)
#define SELECT_TYPE_ARG5 (struct timeval *)

configure: exit 0
